2025-08-12 10:10:34.363 INFO  o.h.validator.internal.util.Version - HV000001: Hibernate Validator 8.0.2.Final
2025-08-12 10:10:34.464 INFO  c.m.f.FileMonitorApplication - Starting FileMonitorApplication using Java 24.0.1 with PID 7872 (C:\Users\Junior\Documents\_Cliente_e_Consultorias\atacadao\file-monitor-processor\target\classes started by Junior in C:\Users\Junior\Documents\_Cliente_e_Consultorias\atacadao\file-monitor-processor)
2025-08-12 10:10:34.466 INFO  c.m.f.FileMonitorApplication - No active profile set, falling back to 1 default profile: "default"
2025-08-12 10:10:36.439 INFO  o.s.d.r.c.RepositoryConfigurationDelegate - Bootstrapping Spring Data JPA repositories in DEFAULT mode.
2025-08-12 10:10:36.892 INFO  o.s.d.r.c.RepositoryConfigurationDelegate - Finished Spring Data repository scanning in 425 ms. Found 1 JPA repository interface.
2025-08-12 10:10:38.334 INFO  o.s.b.w.e.tomcat.TomcatWebServer - Tomcat initialized with port 8082 (http)
2025-08-12 10:10:38.365 INFO  o.a.coyote.http11.Http11NioProtocol - Initializing ProtocolHandler ["http-nio-8082"]
2025-08-12 10:10:38.368 INFO  o.a.catalina.core.StandardService - Starting service [Tomcat]
2025-08-12 10:10:38.369 INFO  o.a.catalina.core.StandardEngine - Starting Servlet engine: [Apache Tomcat/10.1.43]
2025-08-12 10:10:38.505 INFO  o.a.c.c.C.[.[.[/api-file-monitor] - Initializing Spring embedded WebApplicationContext
2025-08-12 10:10:38.505 INFO  o.s.b.w.s.c.ServletWebServerApplicationContext - Root WebApplicationContext: initialization completed in 3903 ms
2025-08-12 10:10:38.930 INFO  o.h.jpa.internal.util.LogHelper - HHH000204: Processing PersistenceUnitInfo [name: default]
2025-08-12 10:10:39.057 INFO  org.hibernate.Version - HHH000412: Hibernate ORM core version 6.6.22.Final
2025-08-12 10:10:39.138 INFO  o.h.c.i.RegionFactoryInitiator - HHH000026: Second-level cache disabled
2025-08-12 10:10:39.858 INFO  o.s.o.j.p.SpringPersistenceUnitInfo - No LoadTimeWeaver setup: ignoring JPA class transformer
2025-08-12 10:10:39.934 INFO  com.zaxxer.hikari.HikariDataSource - HikariPool-1 - Starting...
2025-08-12 10:10:40.354 INFO  com.zaxxer.hikari.pool.HikariPool - HikariPool-1 - Added connection conn0: url=jdbc:h2:mem:testdb user=SA
2025-08-12 10:10:40.358 INFO  com.zaxxer.hikari.HikariDataSource - HikariPool-1 - Start completed.
2025-08-12 10:10:40.423 WARN  org.hibernate.orm.deprecation - HHH90000025: H2Dialect does not need to be specified explicitly using 'hibernate.dialect' (remove the property setting and it will be selected by default)
2025-08-12 10:10:40.475 INFO  o.hibernate.orm.connections.pooling - HHH10001005: Database info:
	Database JDBC URL [Connecting through datasource 'HikariDataSource (HikariPool-1)']
	Database driver: undefined/unknown
	Database version: 2.3.232
	Autocommit mode: undefined/unknown
	Isolation level: undefined/unknown
	Minimum pool size: undefined/unknown
	Maximum pool size: undefined/unknown
2025-08-12 10:10:42.453 INFO  o.h.e.t.j.p.i.JtaPlatformInitiator - HHH000489: No JTA platform available (set 'hibernate.transaction.jta.platform' to enable JTA platform integration)
2025-08-12 10:10:42.540 INFO  o.s.o.j.LocalContainerEntityManagerFactoryBean - Initialized JPA EntityManagerFactory for persistence unit 'default'
2025-08-12 10:10:43.246 INFO  o.s.d.j.r.query.QueryEnhancerFactory - Hibernate is in classpath; If applicable, HQL parser will be used.
2025-08-12 10:10:45.170 WARN  o.s.b.a.o.j.JpaBaseConfiguration$JpaWebConfiguration - spring.jpa.open-in-view is enabled by default. Therefore, database queries may be performed during view rendering. Explicitly configure spring.jpa.open-in-view to disable this warning
2025-08-12 10:10:45.729 INFO  o.s.b.a.h.H2ConsoleAutoConfiguration - H2 console available at '/h2-console'. Database available at 'jdbc:h2:mem:testdb'
2025-08-12 10:10:45.939 INFO  o.a.coyote.http11.Http11NioProtocol - Starting ProtocolHandler ["http-nio-8082"]
2025-08-12 10:10:45.972 INFO  o.s.b.w.e.tomcat.TomcatWebServer - Tomcat started on port 8082 (http) with context path '/api-file-monitor'
2025-08-12 10:10:45.992 INFO  c.m.f.FileMonitorApplication - Started FileMonitorApplication in 14.426 seconds (process running for 16.139)
2025-08-12 10:10:45.997 INFO  c.m.f.service.FileMonitorService - Diretórios configurados - Input: C:\Users\Junior\Documents\_Cliente_e_Consultorias\atacadao, Output: C:\Users\Junior\Documents\_Cliente_e_Consultorias\atacadao\output
2025-08-12 10:10:46.481 INFO  c.m.f.service.FileMonitorService - Arquivo existente encontrado: C:\Users\Junior\Documents\_Cliente_e_Consultorias\atacadao\txitens.txt
2025-08-12 10:10:46.481 INFO  c.m.f.service.FileMonitorService - Iniciando processamento assíncrono do arquivo: C:\Users\Junior\Documents\_Cliente_e_Consultorias\atacadao\txitens.txt
2025-08-12 10:10:46.496 INFO  c.m.f.service.FileProcessingService - Iniciando processamento do arquivo: C:\Users\Junior\Documents\_Cliente_e_Consultorias\atacadao\txitens.txt
2025-08-12 10:10:46.586 INFO  c.m.f.service.FileParserService - Iniciando parse do arquivo: C:\Users\Junior\Documents\_Cliente_e_Consultorias\atacadao\txitens.txt
2025-08-12 10:10:46.623 INFO  c.m.f.service.FileParserService - Parse concluído. 2135 registros processados
2025-08-12 10:10:46.623 INFO  c.m.f.service.JsonGeneratorService - Gerando arquivo JSON para 2135 registros
2025-08-12 10:10:46.646 INFO  c.m.f.service.FileMonitorService - Monitoramento de arquivos iniciado para: C:/Users/Junior/Documents/_Cliente_e_Consultorias/atacadao
2025-08-12 10:10:46.798 INFO  c.m.f.service.JsonGeneratorService - Arquivo JSON gerado: C:\Users\Junior\Documents\_Cliente_e_Consultorias\atacadao\output\txitens_20250812_101046.json
2025-08-12 10:10:46.798 INFO  c.m.f.service.ProdutoMapperService - Iniciando mapeamento de 2135 registros posicionais para produtos
2025-08-12 10:10:46.823 INFO  c.m.f.service.ProdutoMapperService - Mapeamento concluído. 2135 produtos gerados
2025-08-12 10:10:46.823 INFO  c.m.f.service.ProdutoJsonService - Gerando arquivo JSON de produtos para 2135 itens
2025-08-12 10:10:46.871 INFO  c.m.f.service.ProdutoJsonService - Arquivo JSON de produtos gerado: C:\Users\Junior\Documents\_Cliente_e_Consultorias\atacadao\output\jsonprodutos\produtos_txitens_20250812_101046.json
2025-08-12 10:10:46.871 INFO  c.m.f.service.FileProcessingService - Arquivo processado com sucesso: 
2025-08-12 10:10:46.871 INFO  c.m.f.service.FileProcessingService -   - Entrada: C:\Users\Junior\Documents\_Cliente_e_Consultorias\atacadao\txitens.txt
2025-08-12 10:10:46.872 INFO  c.m.f.service.FileProcessingService -   - JSON Original: C:\Users\Junior\Documents\_Cliente_e_Consultorias\atacadao\output\txitens_20250812_101046.json
2025-08-12 10:10:46.872 INFO  c.m.f.service.FileProcessingService -   - JSON Produtos: C:\Users\Junior\Documents\_Cliente_e_Consultorias\atacadao\output\jsonprodutos\produtos_txitens_20250812_101046.json
2025-08-12 10:10:46.872 INFO  c.m.f.service.FileProcessingService -   - Registros: 2135
2025-08-12 10:10:46.872 INFO  c.m.f.service.FileProcessingService -   Chamando o adm para atualizar BD com 2135 registros
2025-08-12 10:13:16.666 INFO  o.s.b.w.e.tomcat.GracefulShutdown - Commencing graceful shutdown. Waiting for active requests to complete
2025-08-12 10:13:16.759 INFO  o.s.b.w.e.tomcat.GracefulShutdown - Graceful shutdown complete
2025-08-12 10:13:18.821 INFO  o.s.o.j.LocalContainerEntityManagerFactoryBean - Closing JPA EntityManagerFactory for persistence unit 'default'
2025-08-12 10:13:18.829 INFO  com.zaxxer.hikari.HikariDataSource - HikariPool-1 - Shutdown initiated...
2025-08-12 10:13:18.832 INFO  com.zaxxer.hikari.HikariDataSource - HikariPool-1 - Shutdown completed.
2025-08-12 10:19:04.095 INFO  o.h.validator.internal.util.Version - HV000001: Hibernate Validator 8.0.2.Final
2025-08-12 10:19:04.185 INFO  c.m.f.FileMonitorApplication - Starting FileMonitorApplication using Java 24.0.1 with PID 7636 (C:\Users\Junior\Documents\_Cliente_e_Consultorias\atacadao\file-monitor-processor\target\classes started by Junior in C:\Users\Junior\Documents\_Cliente_e_Consultorias\atacadao\file-monitor-processor)
2025-08-12 10:19:04.186 INFO  c.m.f.FileMonitorApplication - No active profile set, falling back to 1 default profile: "default"
2025-08-12 10:19:05.481 INFO  o.s.d.r.c.RepositoryConfigurationDelegate - Bootstrapping Spring Data JPA repositories in DEFAULT mode.
2025-08-12 10:19:05.774 INFO  o.s.d.r.c.RepositoryConfigurationDelegate - Finished Spring Data repository scanning in 274 ms. Found 1 JPA repository interface.
2025-08-12 10:19:06.482 INFO  o.s.b.w.e.tomcat.TomcatWebServer - Tomcat initialized with port 8082 (http)
2025-08-12 10:19:06.498 INFO  o.a.coyote.http11.Http11NioProtocol - Initializing ProtocolHandler ["http-nio-8082"]
2025-08-12 10:19:06.500 INFO  o.a.catalina.core.StandardService - Starting service [Tomcat]
2025-08-12 10:19:06.500 INFO  o.a.catalina.core.StandardEngine - Starting Servlet engine: [Apache Tomcat/10.1.43]
2025-08-12 10:19:06.583 INFO  o.a.c.c.C.[.[.[/api-file-monitor] - Initializing Spring embedded WebApplicationContext
2025-08-12 10:19:06.584 INFO  o.s.b.w.s.c.ServletWebServerApplicationContext - Root WebApplicationContext: initialization completed in 2298 ms
2025-08-12 10:19:06.828 INFO  o.h.jpa.internal.util.LogHelper - HHH000204: Processing PersistenceUnitInfo [name: default]
2025-08-12 10:19:06.892 INFO  org.hibernate.Version - HHH000412: Hibernate ORM core version 6.6.22.Final
2025-08-12 10:19:06.936 INFO  o.h.c.i.RegionFactoryInitiator - HHH000026: Second-level cache disabled
2025-08-12 10:19:07.334 INFO  o.s.o.j.p.SpringPersistenceUnitInfo - No LoadTimeWeaver setup: ignoring JPA class transformer
2025-08-12 10:19:07.372 INFO  com.zaxxer.hikari.HikariDataSource - HikariPool-1 - Starting...
2025-08-12 10:19:07.610 INFO  com.zaxxer.hikari.pool.HikariPool - HikariPool-1 - Added connection conn0: url=jdbc:h2:mem:testdb user=SA
2025-08-12 10:19:07.612 INFO  com.zaxxer.hikari.HikariDataSource - HikariPool-1 - Start completed.
2025-08-12 10:19:07.641 WARN  org.hibernate.orm.deprecation - HHH90000025: H2Dialect does not need to be specified explicitly using 'hibernate.dialect' (remove the property setting and it will be selected by default)
2025-08-12 10:19:07.671 INFO  o.hibernate.orm.connections.pooling - HHH10001005: Database info:
	Database JDBC URL [Connecting through datasource 'HikariDataSource (HikariPool-1)']
	Database driver: undefined/unknown
	Database version: 2.3.232
	Autocommit mode: undefined/unknown
	Isolation level: undefined/unknown
	Minimum pool size: undefined/unknown
	Maximum pool size: undefined/unknown
2025-08-12 10:19:08.802 INFO  o.h.e.t.j.p.i.JtaPlatformInitiator - HHH000489: No JTA platform available (set 'hibernate.transaction.jta.platform' to enable JTA platform integration)
2025-08-12 10:19:08.851 INFO  o.s.o.j.LocalContainerEntityManagerFactoryBean - Initialized JPA EntityManagerFactory for persistence unit 'default'
2025-08-12 10:19:09.211 INFO  o.s.d.j.r.query.QueryEnhancerFactory - Hibernate is in classpath; If applicable, HQL parser will be used.
2025-08-12 10:19:10.377 WARN  o.s.b.a.o.j.JpaBaseConfiguration$JpaWebConfiguration - spring.jpa.open-in-view is enabled by default. Therefore, database queries may be performed during view rendering. Explicitly configure spring.jpa.open-in-view to disable this warning
2025-08-12 10:19:10.793 INFO  o.s.b.a.h.H2ConsoleAutoConfiguration - H2 console available at '/h2-console'. Database available at 'jdbc:h2:mem:testdb'
2025-08-12 10:19:10.925 INFO  o.a.coyote.http11.Http11NioProtocol - Starting ProtocolHandler ["http-nio-8082"]
2025-08-12 10:19:10.947 INFO  o.s.b.w.e.tomcat.TomcatWebServer - Tomcat started on port 8082 (http) with context path '/api-file-monitor'
2025-08-12 10:19:10.960 INFO  c.m.f.FileMonitorApplication - Started FileMonitorApplication in 7.955 seconds (process running for 9.346)
2025-08-12 10:19:10.964 INFO  c.m.f.service.FileMonitorService - Diretórios configurados - Input: C:\Users\Junior\Documents\_Cliente_e_Consultorias\atacadao, Output: C:\Users\Junior\Documents\_Cliente_e_Consultorias\atacadao\output
2025-08-12 10:19:11.268 INFO  c.m.f.service.FileMonitorService - Arquivo existente encontrado: C:\Users\Junior\Documents\_Cliente_e_Consultorias\atacadao\txitens.txt
2025-08-12 10:19:11.268 INFO  c.m.f.service.FileMonitorService - Iniciando processamento assíncrono do arquivo: C:\Users\Junior\Documents\_Cliente_e_Consultorias\atacadao\txitens.txt
2025-08-12 10:19:11.335 INFO  c.m.f.service.FileProcessingService - Iniciando processamento do arquivo: C:\Users\Junior\Documents\_Cliente_e_Consultorias\atacadao\txitens.txt
2025-08-12 10:19:11.417 INFO  c.m.f.service.FileParserService - Iniciando parse do arquivo: C:\Users\Junior\Documents\_Cliente_e_Consultorias\atacadao\txitens.txt
2025-08-12 10:19:11.427 INFO  c.m.f.service.FileMonitorService - Monitoramento de arquivos iniciado para: C:/Users/Junior/Documents/_Cliente_e_Consultorias/atacadao
2025-08-12 10:19:11.441 INFO  c.m.f.service.FileParserService - Parse concluído. 2135 registros processados
2025-08-12 10:19:11.441 INFO  c.m.f.service.JsonGeneratorService - Gerando arquivo JSON para 2135 registros
2025-08-12 10:19:11.572 INFO  c.m.f.service.JsonGeneratorService - Arquivo JSON gerado: C:\Users\Junior\Documents\_Cliente_e_Consultorias\atacadao\output\txitens_20250812_101911.json
2025-08-12 10:19:11.573 INFO  c.m.f.service.ProdutoMapperService - Iniciando mapeamento de 2135 registros posicionais para produtos
2025-08-12 10:19:11.590 INFO  c.m.f.service.ProdutoMapperService - Mapeamento concluído. 2135 produtos gerados
2025-08-12 10:19:11.590 INFO  c.m.f.service.ProdutoJsonService - Gerando arquivo JSON de produtos para 2135 itens
2025-08-12 10:19:11.619 INFO  c.m.f.service.ProdutoJsonService - Arquivo JSON de produtos gerado: C:\Users\Junior\Documents\_Cliente_e_Consultorias\atacadao\output\jsonprodutos\produtos_txitens_20250812_101911.json
2025-08-12 10:19:11.619 INFO  c.m.f.service.FileProcessingService - Arquivo processado com sucesso: 
2025-08-12 10:19:11.619 INFO  c.m.f.service.FileProcessingService -   - Entrada: C:\Users\Junior\Documents\_Cliente_e_Consultorias\atacadao\txitens.txt
2025-08-12 10:19:11.619 INFO  c.m.f.service.FileProcessingService -   - JSON Original: C:\Users\Junior\Documents\_Cliente_e_Consultorias\atacadao\output\txitens_20250812_101911.json
2025-08-12 10:19:11.619 INFO  c.m.f.service.FileProcessingService -   - JSON Produtos: C:\Users\Junior\Documents\_Cliente_e_Consultorias\atacadao\output\jsonprodutos\produtos_txitens_20250812_101911.json
2025-08-12 10:19:11.619 INFO  c.m.f.service.FileProcessingService -   - Registros: 2135
2025-08-12 10:19:11.619 INFO  c.m.f.service.FileProcessingService -   Chamando o adm para atualizar BD com 2135 registros
2025-08-12 10:21:53.924 INFO  o.s.b.w.e.tomcat.GracefulShutdown - Commencing graceful shutdown. Waiting for active requests to complete
2025-08-12 10:21:54.025 INFO  o.s.b.w.e.tomcat.GracefulShutdown - Graceful shutdown complete
2025-08-12 10:21:56.093 INFO  o.s.o.j.LocalContainerEntityManagerFactoryBean - Closing JPA EntityManagerFactory for persistence unit 'default'
2025-08-12 10:21:56.100 INFO  com.zaxxer.hikari.HikariDataSource - HikariPool-1 - Shutdown initiated...
2025-08-12 10:21:56.103 INFO  com.zaxxer.hikari.HikariDataSource - HikariPool-1 - Shutdown completed.
2025-08-12 10:33:06.942 INFO  o.h.validator.internal.util.Version - HV000001: Hibernate Validator 8.0.2.Final
2025-08-12 10:33:07.025 INFO  c.m.f.FileMonitorApplication - Starting FileMonitorApplication using Java 24.0.1 with PID 8896 (C:\Users\Junior\Documents\_Cliente_e_Consultorias\atacadao\file-monitor-processor\target\classes started by Junior in C:\Users\Junior\Documents\_Cliente_e_Consultorias\atacadao\file-monitor-processor)
2025-08-12 10:33:07.026 INFO  c.m.f.FileMonitorApplication - No active profile set, falling back to 1 default profile: "default"
2025-08-12 10:33:08.454 INFO  o.s.d.r.c.RepositoryConfigurationDelegate - Bootstrapping Spring Data JPA repositories in DEFAULT mode.
2025-08-12 10:33:08.761 INFO  o.s.d.r.c.RepositoryConfigurationDelegate - Finished Spring Data repository scanning in 286 ms. Found 1 JPA repository interface.
2025-08-12 10:33:09.533 INFO  o.s.b.w.e.tomcat.TomcatWebServer - Tomcat initialized with port 8082 (http)
2025-08-12 10:33:09.550 INFO  o.a.coyote.http11.Http11NioProtocol - Initializing ProtocolHandler ["http-nio-8082"]
2025-08-12 10:33:09.552 INFO  o.a.catalina.core.StandardService - Starting service [Tomcat]
2025-08-12 10:33:09.553 INFO  o.a.catalina.core.StandardEngine - Starting Servlet engine: [Apache Tomcat/10.1.43]
2025-08-12 10:33:09.679 INFO  o.a.c.c.C.[.[.[/api-file-monitor] - Initializing Spring embedded WebApplicationContext
2025-08-12 10:33:09.680 INFO  o.s.b.w.s.c.ServletWebServerApplicationContext - Root WebApplicationContext: initialization completed in 2555 ms
2025-08-12 10:33:10.110 INFO  o.h.jpa.internal.util.LogHelper - HHH000204: Processing PersistenceUnitInfo [name: default]
2025-08-12 10:33:10.240 INFO  org.hibernate.Version - HHH000412: Hibernate ORM core version 6.6.22.Final
2025-08-12 10:33:10.327 INFO  o.h.c.i.RegionFactoryInitiator - HHH000026: Second-level cache disabled
2025-08-12 10:33:10.954 INFO  o.s.o.j.p.SpringPersistenceUnitInfo - No LoadTimeWeaver setup: ignoring JPA class transformer
2025-08-12 10:33:11.011 INFO  com.zaxxer.hikari.HikariDataSource - HikariPool-1 - Starting...
2025-08-12 10:33:11.392 INFO  com.zaxxer.hikari.pool.HikariPool - HikariPool-1 - Added connection conn0: url=jdbc:h2:mem:testdb user=SA
2025-08-12 10:33:11.395 INFO  com.zaxxer.hikari.HikariDataSource - HikariPool-1 - Start completed.
2025-08-12 10:33:11.441 WARN  org.hibernate.orm.deprecation - HHH90000025: H2Dialect does not need to be specified explicitly using 'hibernate.dialect' (remove the property setting and it will be selected by default)
2025-08-12 10:33:11.483 INFO  o.hibernate.orm.connections.pooling - HHH10001005: Database info:
	Database JDBC URL [Connecting through datasource 'HikariDataSource (HikariPool-1)']
	Database driver: undefined/unknown
	Database version: 2.3.232
	Autocommit mode: undefined/unknown
	Isolation level: undefined/unknown
	Minimum pool size: undefined/unknown
	Maximum pool size: undefined/unknown
2025-08-12 10:33:13.353 INFO  o.h.e.t.j.p.i.JtaPlatformInitiator - HHH000489: No JTA platform available (set 'hibernate.transaction.jta.platform' to enable JTA platform integration)
2025-08-12 10:33:13.434 INFO  o.s.o.j.LocalContainerEntityManagerFactoryBean - Initialized JPA EntityManagerFactory for persistence unit 'default'
2025-08-12 10:33:13.993 INFO  o.s.d.j.r.query.QueryEnhancerFactory - Hibernate is in classpath; If applicable, HQL parser will be used.
2025-08-12 10:33:15.992 WARN  o.s.b.a.o.j.JpaBaseConfiguration$JpaWebConfiguration - spring.jpa.open-in-view is enabled by default. Therefore, database queries may be performed during view rendering. Explicitly configure spring.jpa.open-in-view to disable this warning
2025-08-12 10:33:16.313 INFO  o.s.b.a.h.H2ConsoleAutoConfiguration - H2 console available at '/h2-console'. Database available at 'jdbc:h2:mem:testdb'
2025-08-12 10:33:16.448 INFO  o.a.coyote.http11.Http11NioProtocol - Starting ProtocolHandler ["http-nio-8082"]
2025-08-12 10:33:16.471 INFO  o.s.b.w.e.tomcat.TomcatWebServer - Tomcat started on port 8082 (http) with context path '/api-file-monitor'
2025-08-12 10:33:16.492 INFO  c.m.f.FileMonitorApplication - Started FileMonitorApplication in 10.748 seconds (process running for 12.247)
2025-08-12 10:33:16.498 INFO  c.m.f.service.FileMonitorService - Diretórios configurados - Input: C:\Users\Junior\Documents\_Cliente_e_Consultorias\atacadao, Output: C:\Users\Junior\Documents\_Cliente_e_Consultorias\atacadao\output
2025-08-12 10:33:16.825 INFO  c.m.f.service.FileMonitorService - Arquivo existente encontrado: C:\Users\Junior\Documents\_Cliente_e_Consultorias\atacadao\txitens.txt
2025-08-12 10:33:16.825 INFO  c.m.f.service.FileMonitorService - Iniciando processamento assíncrono do arquivo: C:\Users\Junior\Documents\_Cliente_e_Consultorias\atacadao\txitens.txt
2025-08-12 10:33:16.836 INFO  c.m.f.service.FileProcessingService - Iniciando processamento do arquivo: C:\Users\Junior\Documents\_Cliente_e_Consultorias\atacadao\txitens.txt
2025-08-12 10:33:16.891 INFO  c.m.f.service.FileMonitorService - Monitoramento de arquivos iniciado para: C:/Users/Junior/Documents/_Cliente_e_Consultorias/atacadao
2025-08-12 10:33:16.898 INFO  c.m.f.service.FileParserService - Iniciando parse do arquivo: C:\Users\Junior\Documents\_Cliente_e_Consultorias\atacadao\txitens.txt
2025-08-12 10:33:16.916 INFO  c.m.f.service.FileParserService - Parse concluído. 2135 registros processados
2025-08-12 10:33:16.917 INFO  c.m.f.service.JsonGeneratorService - Gerando arquivo JSON para 2135 registros
2025-08-12 10:33:17.006 INFO  c.m.f.service.JsonGeneratorService - Arquivo JSON gerado: C:\Users\Junior\Documents\_Cliente_e_Consultorias\atacadao\output\txitens_20250812_103316.json
2025-08-12 10:33:17.006 INFO  c.m.f.service.ProdutoMapperService - Iniciando mapeamento de 2135 registros posicionais para produtos
2025-08-12 10:33:17.025 INFO  c.m.f.service.ProdutoMapperService - Mapeamento concluído. 2135 produtos gerados
2025-08-12 10:33:17.025 INFO  c.m.f.service.ProdutoJsonService - Gerando arquivo JSON de produtos para 2135 itens
2025-08-12 10:33:17.054 INFO  c.m.f.service.ProdutoJsonService - Arquivo JSON de produtos gerado: C:\Users\Junior\Documents\_Cliente_e_Consultorias\atacadao\output\jsonprodutos\produtos_txitens_20250812_103317.json
2025-08-12 10:33:17.055 INFO  c.m.f.service.FileProcessingService - Arquivo processado com sucesso: 
2025-08-12 10:33:17.055 INFO  c.m.f.service.FileProcessingService -   - Entrada: C:\Users\Junior\Documents\_Cliente_e_Consultorias\atacadao\txitens.txt
2025-08-12 10:33:17.055 INFO  c.m.f.service.FileProcessingService -   - JSON Original: C:\Users\Junior\Documents\_Cliente_e_Consultorias\atacadao\output\txitens_20250812_103316.json
2025-08-12 10:33:17.055 INFO  c.m.f.service.FileProcessingService -   - JSON Produtos: C:\Users\Junior\Documents\_Cliente_e_Consultorias\atacadao\output\jsonprodutos\produtos_txitens_20250812_103317.json
2025-08-12 10:33:17.055 INFO  c.m.f.service.FileProcessingService -   - Registros: 2135
2025-08-12 10:33:17.055 INFO  c.m.f.service.FileProcessingService -   Chamando o adm para atualizar BD com 2135 registros
2025-08-12 11:01:26.536 INFO  c.m.f.service.FileMonitorService - Iniciando processamento assíncrono do arquivo: C:\Users\Junior\Documents\_Cliente_e_Consultorias\atacadao\txitens.txt
2025-08-12 11:01:26.542 INFO  c.m.f.service.FileProcessingService - Iniciando processamento do arquivo: C:\Users\Junior\Documents\_Cliente_e_Consultorias\atacadao\txitens.txt
2025-08-12 11:01:26.547 INFO  c.m.f.service.FileMonitorService - Iniciando processamento assíncrono do arquivo: C:\Users\Junior\Documents\_Cliente_e_Consultorias\atacadao\txitens.txt
2025-08-12 11:01:26.549 INFO  c.m.f.service.FileProcessingService - Iniciando processamento do arquivo: C:\Users\Junior\Documents\_Cliente_e_Consultorias\atacadao\txitens.txt
2025-08-12 11:01:26.549 INFO  c.m.f.service.FileParserService - Iniciando parse do arquivo: C:\Users\Junior\Documents\_Cliente_e_Consultorias\atacadao\txitens.txt
2025-08-12 11:01:26.554 INFO  c.m.f.service.FileParserService - Iniciando parse do arquivo: C:\Users\Junior\Documents\_Cliente_e_Consultorias\atacadao\txitens.txt
2025-08-12 11:01:26.577 INFO  c.m.f.service.FileParserService - Parse concluído. 2135 registros processados
2025-08-12 11:01:26.577 INFO  c.m.f.service.FileParserService - Parse concluído. 2135 registros processados
2025-08-12 11:01:26.577 INFO  c.m.f.service.JsonGeneratorService - Gerando arquivo JSON para 2135 registros
2025-08-12 11:01:26.577 INFO  c.m.f.service.JsonGeneratorService - Gerando arquivo JSON para 2135 registros
2025-08-12 11:01:26.587 INFO  c.m.f.service.JsonGeneratorService - Arquivo JSON gerado: C:\Users\Junior\Documents\_Cliente_e_Consultorias\atacadao\output\txitens_20250812_110126.json
2025-08-12 11:01:26.587 INFO  c.m.f.service.JsonGeneratorService - Arquivo JSON gerado: C:\Users\Junior\Documents\_Cliente_e_Consultorias\atacadao\output\txitens_20250812_110126.json
2025-08-12 11:01:26.587 INFO  c.m.f.service.ProdutoMapperService - Iniciando mapeamento de 2135 registros posicionais para produtos
2025-08-12 11:01:26.587 INFO  c.m.f.service.ProdutoMapperService - Iniciando mapeamento de 2135 registros posicionais para produtos
2025-08-12 11:01:26.600 INFO  c.m.f.service.ProdutoMapperService - Mapeamento concluído. 2135 produtos gerados
2025-08-12 11:01:26.600 INFO  c.m.f.service.ProdutoJsonService - Gerando arquivo JSON de produtos para 2135 itens
2025-08-12 11:01:26.600 INFO  c.m.f.service.ProdutoMapperService - Mapeamento concluído. 2135 produtos gerados
2025-08-12 11:01:26.600 INFO  c.m.f.service.ProdutoJsonService - Gerando arquivo JSON de produtos para 2135 itens
2025-08-12 11:01:26.613 INFO  c.m.f.service.ProdutoJsonService - Arquivo JSON de produtos gerado: C:\Users\Junior\Documents\_Cliente_e_Consultorias\atacadao\output\jsonprodutos\produtos_txitens_20250812_110126.json
2025-08-12 11:01:26.614 INFO  c.m.f.service.FileProcessingService - Arquivo processado com sucesso: 
2025-08-12 11:01:26.614 INFO  c.m.f.service.FileProcessingService -   - Entrada: C:\Users\Junior\Documents\_Cliente_e_Consultorias\atacadao\txitens.txt
2025-08-12 11:01:26.614 INFO  c.m.f.service.FileProcessingService -   - JSON Original: C:\Users\Junior\Documents\_Cliente_e_Consultorias\atacadao\output\txitens_20250812_110126.json
2025-08-12 11:01:26.614 INFO  c.m.f.service.FileProcessingService -   - JSON Produtos: C:\Users\Junior\Documents\_Cliente_e_Consultorias\atacadao\output\jsonprodutos\produtos_txitens_20250812_110126.json
2025-08-12 11:01:26.614 INFO  c.m.f.service.FileProcessingService -   - Registros: 2135
2025-08-12 11:01:26.614 INFO  c.m.f.service.FileProcessingService -   Chamando o adm para atualizar BD com 2135 registros
2025-08-12 11:01:26.614 INFO  c.m.f.service.ProdutoJsonService - Arquivo JSON de produtos gerado: C:\Users\Junior\Documents\_Cliente_e_Consultorias\atacadao\output\jsonprodutos\produtos_txitens_20250812_110126.json
2025-08-12 11:01:26.615 INFO  c.m.f.service.FileProcessingService - Arquivo processado com sucesso: 
2025-08-12 11:01:26.615 INFO  c.m.f.service.FileProcessingService -   - Entrada: C:\Users\Junior\Documents\_Cliente_e_Consultorias\atacadao\txitens.txt
2025-08-12 11:01:26.615 INFO  c.m.f.service.FileProcessingService -   - JSON Original: C:\Users\Junior\Documents\_Cliente_e_Consultorias\atacadao\output\txitens_20250812_110126.json
2025-08-12 11:01:26.615 INFO  c.m.f.service.FileProcessingService -   - JSON Produtos: C:\Users\Junior\Documents\_Cliente_e_Consultorias\atacadao\output\jsonprodutos\produtos_txitens_20250812_110126.json
2025-08-12 11:01:26.615 INFO  c.m.f.service.FileProcessingService -   - Registros: 2135
2025-08-12 11:01:26.615 INFO  c.m.f.service.FileProcessingService -   Chamando o adm para atualizar BD com 2135 registros
2025-08-12 11:02:16.562 INFO  c.m.f.service.FileMonitorService - Iniciando processamento assíncrono do arquivo: C:\Users\Junior\Documents\_Cliente_e_Consultorias\atacadao\txitens.txt
2025-08-12 11:02:16.563 INFO  c.m.f.service.FileProcessingService - Iniciando processamento do arquivo: C:\Users\Junior\Documents\_Cliente_e_Consultorias\atacadao\txitens.txt
2025-08-12 11:02:16.567 INFO  c.m.f.service.FileParserService - Iniciando parse do arquivo: C:\Users\Junior\Documents\_Cliente_e_Consultorias\atacadao\txitens.txt
2025-08-12 11:02:16.568 INFO  c.m.f.service.FileMonitorService - Iniciando processamento assíncrono do arquivo: C:\Users\Junior\Documents\_Cliente_e_Consultorias\atacadao\txitens.txt
2025-08-12 11:02:16.575 INFO  c.m.f.service.FileProcessingService - Iniciando processamento do arquivo: C:\Users\Junior\Documents\_Cliente_e_Consultorias\atacadao\txitens.txt
2025-08-12 11:02:16.580 INFO  c.m.f.service.FileParserService - Iniciando parse do arquivo: C:\Users\Junior\Documents\_Cliente_e_Consultorias\atacadao\txitens.txt
2025-08-12 11:02:16.583 INFO  c.m.f.service.FileParserService - Parse concluído. 2135 registros processados
2025-08-12 11:02:16.583 INFO  c.m.f.service.JsonGeneratorService - Gerando arquivo JSON para 2135 registros
2025-08-12 11:02:16.596 INFO  c.m.f.service.FileParserService - Parse concluído. 2135 registros processados
2025-08-12 11:02:16.596 INFO  c.m.f.service.JsonGeneratorService - Gerando arquivo JSON para 2135 registros
2025-08-12 11:02:16.599 INFO  c.m.f.service.JsonGeneratorService - Arquivo JSON gerado: C:\Users\Junior\Documents\_Cliente_e_Consultorias\atacadao\output\txitens_20250812_110216.json
2025-08-12 11:02:16.599 INFO  c.m.f.service.ProdutoMapperService - Iniciando mapeamento de 2135 registros posicionais para produtos
2025-08-12 11:02:16.684 INFO  c.m.f.service.ProdutoMapperService - Mapeamento concluído. 2135 produtos gerados
2025-08-12 11:02:16.685 INFO  c.m.f.service.ProdutoJsonService - Gerando arquivo JSON de produtos para 2135 itens
2025-08-12 11:02:16.711 INFO  c.m.f.service.JsonGeneratorService - Arquivo JSON gerado: C:\Users\Junior\Documents\_Cliente_e_Consultorias\atacadao\output\txitens_20250812_110216.json
2025-08-12 11:02:16.712 INFO  c.m.f.service.ProdutoMapperService - Iniciando mapeamento de 2135 registros posicionais para produtos
2025-08-12 11:02:16.745 INFO  c.m.f.service.ProdutoMapperService - Mapeamento concluído. 2135 produtos gerados
2025-08-12 11:02:16.745 INFO  c.m.f.service.ProdutoJsonService - Gerando arquivo JSON de produtos para 2135 itens
2025-08-12 11:02:16.884 INFO  c.m.f.service.ProdutoJsonService - Arquivo JSON de produtos gerado: C:\Users\Junior\Documents\_Cliente_e_Consultorias\atacadao\output\jsonprodutos\produtos_txitens_20250812_110216.json
2025-08-12 11:02:16.884 INFO  c.m.f.service.FileProcessingService - Arquivo processado com sucesso: 
2025-08-12 11:02:16.884 INFO  c.m.f.service.FileProcessingService -   - Entrada: C:\Users\Junior\Documents\_Cliente_e_Consultorias\atacadao\txitens.txt
2025-08-12 11:02:16.884 INFO  c.m.f.service.FileProcessingService -   - JSON Original: C:\Users\Junior\Documents\_Cliente_e_Consultorias\atacadao\output\txitens_20250812_110216.json
2025-08-12 11:02:16.884 INFO  c.m.f.service.FileProcessingService -   - JSON Produtos: C:\Users\Junior\Documents\_Cliente_e_Consultorias\atacadao\output\jsonprodutos\produtos_txitens_20250812_110216.json
2025-08-12 11:02:16.885 INFO  c.m.f.service.FileProcessingService -   - Registros: 2135
2025-08-12 11:02:16.885 INFO  c.m.f.service.FileProcessingService -   Chamando o adm para atualizar BD com 2135 registros
2025-08-12 11:02:16.947 INFO  c.m.f.service.ProdutoJsonService - Arquivo JSON de produtos gerado: C:\Users\Junior\Documents\_Cliente_e_Consultorias\atacadao\output\jsonprodutos\produtos_txitens_20250812_110216.json
2025-08-12 11:02:16.948 INFO  c.m.f.service.FileProcessingService - Arquivo processado com sucesso: 
2025-08-12 11:02:16.950 INFO  c.m.f.service.FileProcessingService -   - Entrada: C:\Users\Junior\Documents\_Cliente_e_Consultorias\atacadao\txitens.txt
2025-08-12 11:02:16.950 INFO  c.m.f.service.FileProcessingService -   - JSON Original: C:\Users\Junior\Documents\_Cliente_e_Consultorias\atacadao\output\txitens_20250812_110216.json
2025-08-12 11:02:16.960 INFO  c.m.f.service.FileProcessingService -   - JSON Produtos: C:\Users\Junior\Documents\_Cliente_e_Consultorias\atacadao\output\jsonprodutos\produtos_txitens_20250812_110216.json
2025-08-12 11:02:16.962 INFO  c.m.f.service.FileProcessingService -   - Registros: 2135
2025-08-12 11:02:16.962 INFO  c.m.f.service.FileProcessingService -   Chamando o adm para atualizar BD com 2135 registros
2025-08-12 11:03:51.994 INFO  c.m.f.service.FileMonitorService - Iniciando processamento assíncrono do arquivo: C:\Users\Junior\Documents\_Cliente_e_Consultorias\atacadao\txitens.txt
2025-08-12 11:03:51.996 INFO  c.m.f.service.FileProcessingService - Iniciando processamento do arquivo: C:\Users\Junior\Documents\_Cliente_e_Consultorias\atacadao\txitens.txt
2025-08-12 11:03:51.998 INFO  c.m.f.service.FileParserService - Iniciando parse do arquivo: C:\Users\Junior\Documents\_Cliente_e_Consultorias\atacadao\txitens.txt
2025-08-12 11:03:52.000 INFO  c.m.f.service.FileMonitorService - Iniciando processamento assíncrono do arquivo: C:\Users\Junior\Documents\_Cliente_e_Consultorias\atacadao\txitens.txt
2025-08-12 11:03:52.001 INFO  c.m.f.service.FileProcessingService - Iniciando processamento do arquivo: C:\Users\Junior\Documents\_Cliente_e_Consultorias\atacadao\txitens.txt
2025-08-12 11:03:52.007 INFO  c.m.f.service.FileParserService - Iniciando parse do arquivo: C:\Users\Junior\Documents\_Cliente_e_Consultorias\atacadao\txitens.txt
2025-08-12 11:03:52.013 INFO  c.m.f.service.FileParserService - Parse concluído. 2135 registros processados
2025-08-12 11:03:52.013 INFO  c.m.f.service.JsonGeneratorService - Gerando arquivo JSON para 2135 registros
2025-08-12 11:03:52.017 INFO  c.m.f.service.FileParserService - Parse concluído. 2135 registros processados
2025-08-12 11:03:52.017 INFO  c.m.f.service.JsonGeneratorService - Gerando arquivo JSON para 2135 registros
2025-08-12 11:03:52.026 INFO  c.m.f.service.JsonGeneratorService - Arquivo JSON gerado: C:\Users\Junior\Documents\_Cliente_e_Consultorias\atacadao\output\txitens_20250812_110352.json
2025-08-12 11:03:52.026 INFO  c.m.f.service.ProdutoMapperService - Iniciando mapeamento de 2135 registros posicionais para produtos
2025-08-12 11:03:52.027 INFO  c.m.f.service.JsonGeneratorService - Arquivo JSON gerado: C:\Users\Junior\Documents\_Cliente_e_Consultorias\atacadao\output\txitens_20250812_110352.json
2025-08-12 11:03:52.027 INFO  c.m.f.service.ProdutoMapperService - Iniciando mapeamento de 2135 registros posicionais para produtos
2025-08-12 11:03:52.039 INFO  c.m.f.service.ProdutoMapperService - Mapeamento concluído. 2135 produtos gerados
2025-08-12 11:03:52.039 INFO  c.m.f.service.ProdutoJsonService - Gerando arquivo JSON de produtos para 2135 itens
2025-08-12 11:03:52.041 INFO  c.m.f.service.ProdutoMapperService - Mapeamento concluído. 2135 produtos gerados
2025-08-12 11:03:52.041 INFO  c.m.f.service.ProdutoJsonService - Gerando arquivo JSON de produtos para 2135 itens
2025-08-12 11:03:52.053 INFO  c.m.f.service.ProdutoJsonService - Arquivo JSON de produtos gerado: C:\Users\Junior\Documents\_Cliente_e_Consultorias\atacadao\output\jsonprodutos\produtos_txitens_20250812_110352.json
2025-08-12 11:03:52.053 INFO  c.m.f.service.FileProcessingService - Arquivo processado com sucesso: 
2025-08-12 11:03:52.053 INFO  c.m.f.service.FileProcessingService -   - Entrada: C:\Users\Junior\Documents\_Cliente_e_Consultorias\atacadao\txitens.txt
2025-08-12 11:03:52.053 INFO  c.m.f.service.FileProcessingService -   - JSON Original: C:\Users\Junior\Documents\_Cliente_e_Consultorias\atacadao\output\txitens_20250812_110352.json
2025-08-12 11:03:52.053 INFO  c.m.f.service.FileProcessingService -   - JSON Produtos: C:\Users\Junior\Documents\_Cliente_e_Consultorias\atacadao\output\jsonprodutos\produtos_txitens_20250812_110352.json
2025-08-12 11:03:52.053 INFO  c.m.f.service.FileProcessingService -   - Registros: 2135
2025-08-12 11:03:52.053 INFO  c.m.f.service.FileProcessingService -   Chamando o adm para atualizar BD com 2135 registros
2025-08-12 11:03:52.055 INFO  c.m.f.service.ProdutoJsonService - Arquivo JSON de produtos gerado: C:\Users\Junior\Documents\_Cliente_e_Consultorias\atacadao\output\jsonprodutos\produtos_txitens_20250812_110352.json
2025-08-12 11:03:52.055 INFO  c.m.f.service.FileProcessingService - Arquivo processado com sucesso: 
2025-08-12 11:03:52.055 INFO  c.m.f.service.FileProcessingService -   - Entrada: C:\Users\Junior\Documents\_Cliente_e_Consultorias\atacadao\txitens.txt
2025-08-12 11:03:52.055 INFO  c.m.f.service.FileProcessingService -   - JSON Original: C:\Users\Junior\Documents\_Cliente_e_Consultorias\atacadao\output\txitens_20250812_110352.json
2025-08-12 11:03:52.055 INFO  c.m.f.service.FileProcessingService -   - JSON Produtos: C:\Users\Junior\Documents\_Cliente_e_Consultorias\atacadao\output\jsonprodutos\produtos_txitens_20250812_110352.json
2025-08-12 11:03:52.055 INFO  c.m.f.service.FileProcessingService -   - Registros: 2135
2025-08-12 11:03:52.055 INFO  c.m.f.service.FileProcessingService -   Chamando o adm para atualizar BD com 2135 registros
2025-08-12 11:13:27.783 INFO  o.s.b.w.e.tomcat.GracefulShutdown - Commencing graceful shutdown. Waiting for active requests to complete
2025-08-12 11:13:27.925 INFO  o.s.b.w.e.tomcat.GracefulShutdown - Graceful shutdown complete
2025-08-12 11:13:30.001 INFO  o.s.o.j.LocalContainerEntityManagerFactoryBean - Closing JPA EntityManagerFactory for persistence unit 'default'
2025-08-12 11:13:30.007 INFO  com.zaxxer.hikari.HikariDataSource - HikariPool-1 - Shutdown initiated...
2025-08-12 11:13:30.010 INFO  com.zaxxer.hikari.HikariDataSource - HikariPool-1 - Shutdown completed.
2025-08-12 11:15:06.832 INFO  o.h.validator.internal.util.Version - HV000001: Hibernate Validator 8.0.2.Final
2025-08-12 11:15:06.921 INFO  c.m.f.FileMonitorApplication - Starting FileMonitorApplication using Java 24.0.1 with PID 6956 (C:\Users\Junior\Documents\_Cliente_e_Consultorias\atacadao\file-monitor-processor\target\classes started by Junior in C:\Users\Junior\Documents\_Cliente_e_Consultorias\atacadao\file-monitor-processor)
2025-08-12 11:15:06.923 INFO  c.m.f.FileMonitorApplication - No active profile set, falling back to 1 default profile: "default"
2025-08-12 11:15:08.563 INFO  o.s.d.r.c.RepositoryConfigurationDelegate - Bootstrapping Spring Data JPA repositories in DEFAULT mode.
2025-08-12 11:15:08.910 INFO  o.s.d.r.c.RepositoryConfigurationDelegate - Finished Spring Data repository scanning in 327 ms. Found 1 JPA repository interface.
2025-08-12 11:15:10.201 INFO  o.s.b.w.e.tomcat.TomcatWebServer - Tomcat initialized with port 8082 (http)
2025-08-12 11:15:10.228 INFO  o.a.coyote.http11.Http11NioProtocol - Initializing ProtocolHandler ["http-nio-8082"]
2025-08-12 11:15:10.232 INFO  o.a.catalina.core.StandardService - Starting service [Tomcat]
2025-08-12 11:15:10.232 INFO  o.a.catalina.core.StandardEngine - Starting Servlet engine: [Apache Tomcat/10.1.43]
2025-08-12 11:15:10.356 INFO  o.a.c.c.C.[.[.[/api-file-monitor] - Initializing Spring embedded WebApplicationContext
2025-08-12 11:15:10.357 INFO  o.s.b.w.s.c.ServletWebServerApplicationContext - Root WebApplicationContext: initialization completed in 3316 ms
2025-08-12 11:15:11.487 INFO  o.h.jpa.internal.util.LogHelper - HHH000204: Processing PersistenceUnitInfo [name: default]
2025-08-12 11:15:11.607 INFO  org.hibernate.Version - HHH000412: Hibernate ORM core version 6.6.22.Final
2025-08-12 11:15:11.692 INFO  o.h.c.i.RegionFactoryInitiator - HHH000026: Second-level cache disabled
2025-08-12 11:15:12.358 INFO  o.s.o.j.p.SpringPersistenceUnitInfo - No LoadTimeWeaver setup: ignoring JPA class transformer
2025-08-12 11:15:12.437 INFO  com.zaxxer.hikari.HikariDataSource - HikariPool-1 - Starting...
2025-08-12 11:15:12.827 INFO  com.zaxxer.hikari.pool.HikariPool - HikariPool-1 - Added connection conn0: url=jdbc:h2:mem:testdb user=SA
2025-08-12 11:15:12.831 INFO  com.zaxxer.hikari.HikariDataSource - HikariPool-1 - Start completed.
2025-08-12 11:15:12.883 WARN  org.hibernate.orm.deprecation - HHH90000025: H2Dialect does not need to be specified explicitly using 'hibernate.dialect' (remove the property setting and it will be selected by default)
2025-08-12 11:15:12.927 INFO  o.hibernate.orm.connections.pooling - HHH10001005: Database info:
	Database JDBC URL [Connecting through datasource 'HikariDataSource (HikariPool-1)']
	Database driver: undefined/unknown
	Database version: 2.3.232
	Autocommit mode: undefined/unknown
	Isolation level: undefined/unknown
	Minimum pool size: undefined/unknown
	Maximum pool size: undefined/unknown
2025-08-12 11:15:14.375 INFO  o.h.e.t.j.p.i.JtaPlatformInitiator - HHH000489: No JTA platform available (set 'hibernate.transaction.jta.platform' to enable JTA platform integration)
2025-08-12 11:15:14.437 INFO  o.s.o.j.LocalContainerEntityManagerFactoryBean - Initialized JPA EntityManagerFactory for persistence unit 'default'
2025-08-12 11:15:14.913 INFO  o.s.d.j.r.query.QueryEnhancerFactory - Hibernate is in classpath; If applicable, HQL parser will be used.
2025-08-12 11:15:16.128 WARN  o.s.b.a.o.j.JpaBaseConfiguration$JpaWebConfiguration - spring.jpa.open-in-view is enabled by default. Therefore, database queries may be performed during view rendering. Explicitly configure spring.jpa.open-in-view to disable this warning
2025-08-12 11:15:16.506 INFO  o.s.b.a.h.H2ConsoleAutoConfiguration - H2 console available at '/h2-console'. Database available at 'jdbc:h2:mem:testdb'
2025-08-12 11:15:16.673 INFO  o.a.coyote.http11.Http11NioProtocol - Starting ProtocolHandler ["http-nio-8082"]
2025-08-12 11:15:16.698 INFO  o.s.b.w.e.tomcat.TomcatWebServer - Tomcat started on port 8082 (http) with context path '/api-file-monitor'
2025-08-12 11:15:16.714 INFO  c.m.f.FileMonitorApplication - Started FileMonitorApplication in 11.28 seconds (process running for 12.983)
2025-08-12 11:15:16.718 INFO  c.m.f.service.FileMonitorService - Diretórios configurados - Input: C:\Users\Junior\Documents\_Cliente_e_Consultorias\atacadao, Output: C:\Users\Junior\Documents\_Cliente_e_Consultorias\atacadao\output
2025-08-12 11:15:17.149 INFO  c.m.f.service.FileMonitorService - Arquivo existente encontrado: C:\Users\Junior\Documents\_Cliente_e_Consultorias\atacadao\txitens.txt
2025-08-12 11:15:17.149 INFO  c.m.f.service.FileMonitorService - Iniciando processamento assíncrono do arquivo: C:\Users\Junior\Documents\_Cliente_e_Consultorias\atacadao\txitens.txt
2025-08-12 11:15:17.163 INFO  c.m.f.service.FileProcessingService - Iniciando processamento do arquivo: C:\Users\Junior\Documents\_Cliente_e_Consultorias\atacadao\txitens.txt
2025-08-12 11:15:17.263 INFO  c.m.f.service.FileParserService - Iniciando parse do arquivo: C:\Users\Junior\Documents\_Cliente_e_Consultorias\atacadao\txitens.txt
2025-08-12 11:15:17.364 INFO  c.m.f.service.FileParserService - Parse concluído. 2135 registros processados
2025-08-12 11:15:17.365 INFO  c.m.f.service.JsonGeneratorService - Gerando arquivo JSON para 2135 registros
2025-08-12 11:15:17.368 INFO  c.m.f.service.FileMonitorService - Monitoramento de arquivos iniciado para: C:/Users/Junior/Documents/_Cliente_e_Consultorias/atacadao
2025-08-12 11:15:17.518 INFO  c.m.f.service.JsonGeneratorService - Arquivo JSON gerado: C:\Users\Junior\Documents\_Cliente_e_Consultorias\atacadao\output\txitens_20250812_111517.json
2025-08-12 11:15:17.518 INFO  c.m.f.service.ProdutoMapperService - Iniciando mapeamento de 2135 registros posicionais para produtos
2025-08-12 11:15:17.543 INFO  c.m.f.service.ProdutoMapperService - Mapeamento concluído. 2135 produtos gerados
2025-08-12 11:15:17.543 INFO  c.m.f.service.ProdutoJsonService - Gerando arquivo JSON de produtos para 2135 itens
2025-08-12 11:15:17.582 INFO  c.m.f.service.ProdutoJsonService - Arquivo JSON de produtos gerado: C:\Users\Junior\Documents\_Cliente_e_Consultorias\atacadao\output\jsonprodutos\produtos_txitens_20250812_111517.json
2025-08-12 11:15:17.583 INFO  c.m.f.service.FileProcessingService - Arquivo processado com sucesso: 
2025-08-12 11:15:17.583 INFO  c.m.f.service.FileProcessingService -   - Entrada: C:\Users\Junior\Documents\_Cliente_e_Consultorias\atacadao\txitens.txt
2025-08-12 11:15:17.583 INFO  c.m.f.service.FileProcessingService -   - JSON Original: C:\Users\Junior\Documents\_Cliente_e_Consultorias\atacadao\output\txitens_20250812_111517.json
2025-08-12 11:15:17.583 INFO  c.m.f.service.FileProcessingService -   - JSON Produtos: C:\Users\Junior\Documents\_Cliente_e_Consultorias\atacadao\output\jsonprodutos\produtos_txitens_20250812_111517.json
2025-08-12 11:15:17.583 INFO  c.m.f.service.FileProcessingService -   - Registros: 2135
2025-08-12 11:15:17.583 INFO  c.m.f.service.FileProcessingService -   Chamando o adm para atualizar BD com 2135 registros
2025-08-12 15:11:06.202 INFO  c.m.f.service.FileMonitorService - Iniciando processamento assíncrono do arquivo: C:\Users\Junior\Documents\_Cliente_e_Consultorias\atacadao\txitens.txt
2025-08-12 15:11:06.211 INFO  c.m.f.service.FileMonitorService - Iniciando processamento assíncrono do arquivo: C:\Users\Junior\Documents\_Cliente_e_Consultorias\atacadao\txitens.txt
2025-08-12 15:11:06.215 INFO  c.m.f.service.FileProcessingService - Iniciando processamento do arquivo: C:\Users\Junior\Documents\_Cliente_e_Consultorias\atacadao\txitens.txt
2025-08-12 15:11:06.215 INFO  c.m.f.service.FileProcessingService - Iniciando processamento do arquivo: C:\Users\Junior\Documents\_Cliente_e_Consultorias\atacadao\txitens.txt
2025-08-12 15:11:06.229 INFO  c.m.f.service.FileParserService - Iniciando parse do arquivo: C:\Users\Junior\Documents\_Cliente_e_Consultorias\atacadao\txitens.txt
2025-08-12 15:11:06.230 INFO  c.m.f.service.FileParserService - Iniciando parse do arquivo: C:\Users\Junior\Documents\_Cliente_e_Consultorias\atacadao\txitens.txt
2025-08-12 15:11:06.231 INFO  c.m.f.service.FileParserService - Parse concluído. 68 registros processados
2025-08-12 15:11:06.231 INFO  c.m.f.service.FileParserService - Parse concluído. 68 registros processados
2025-08-12 15:11:06.231 INFO  c.m.f.service.JsonGeneratorService - Gerando arquivo JSON para 68 registros
2025-08-12 15:11:06.231 INFO  c.m.f.service.JsonGeneratorService - Gerando arquivo JSON para 68 registros
2025-08-12 15:11:06.240 INFO  c.m.f.service.JsonGeneratorService - Arquivo JSON gerado: C:\Users\Junior\Documents\_Cliente_e_Consultorias\atacadao\output\txitens_20250812_151106.json
2025-08-12 15:11:06.240 INFO  c.m.f.service.ProdutoMapperService - Iniciando mapeamento de 68 registros posicionais para produtos
2025-08-12 15:11:06.241 INFO  c.m.f.service.JsonGeneratorService - Arquivo JSON gerado: C:\Users\Junior\Documents\_Cliente_e_Consultorias\atacadao\output\txitens_20250812_151106.json
2025-08-12 15:11:06.241 INFO  c.m.f.service.ProdutoMapperService - Iniciando mapeamento de 68 registros posicionais para produtos
2025-08-12 15:11:06.241 INFO  c.m.f.service.ProdutoMapperService - Mapeamento concluído. 68 produtos gerados
2025-08-12 15:11:06.241 INFO  c.m.f.service.ProdutoJsonService - Gerando arquivo JSON de produtos para 68 itens
2025-08-12 15:11:06.241 INFO  c.m.f.service.ProdutoMapperService - Mapeamento concluído. 68 produtos gerados
2025-08-12 15:11:06.241 INFO  c.m.f.service.ProdutoJsonService - Gerando arquivo JSON de produtos para 68 itens
2025-08-12 15:11:06.244 INFO  c.m.f.service.ProdutoJsonService - Arquivo JSON de produtos gerado: C:\Users\Junior\Documents\_Cliente_e_Consultorias\atacadao\output\jsonprodutos\produtos_txitens_20250812_151106.json
2025-08-12 15:11:06.244 INFO  c.m.f.service.ProdutoJsonService - Arquivo JSON de produtos gerado: C:\Users\Junior\Documents\_Cliente_e_Consultorias\atacadao\output\jsonprodutos\produtos_txitens_20250812_151106.json
2025-08-12 15:11:06.244 INFO  c.m.f.service.FileProcessingService - Arquivo processado com sucesso: 
2025-08-12 15:11:06.244 INFO  c.m.f.service.FileProcessingService -   - Entrada: C:\Users\Junior\Documents\_Cliente_e_Consultorias\atacadao\txitens.txt
2025-08-12 15:11:06.244 INFO  c.m.f.service.FileProcessingService - Arquivo processado com sucesso: 
2025-08-12 15:11:06.244 INFO  c.m.f.service.FileProcessingService -   - JSON Original: C:\Users\Junior\Documents\_Cliente_e_Consultorias\atacadao\output\txitens_20250812_151106.json
2025-08-12 15:11:06.244 INFO  c.m.f.service.FileProcessingService -   - Entrada: C:\Users\Junior\Documents\_Cliente_e_Consultorias\atacadao\txitens.txt
2025-08-12 15:11:06.244 INFO  c.m.f.service.FileProcessingService -   - JSON Produtos: C:\Users\Junior\Documents\_Cliente_e_Consultorias\atacadao\output\jsonprodutos\produtos_txitens_20250812_151106.json
2025-08-12 15:11:06.244 INFO  c.m.f.service.FileProcessingService -   - JSON Original: C:\Users\Junior\Documents\_Cliente_e_Consultorias\atacadao\output\txitens_20250812_151106.json
2025-08-12 15:11:06.244 INFO  c.m.f.service.FileProcessingService -   - Registros: 68
2025-08-12 15:11:06.244 INFO  c.m.f.service.FileProcessingService -   - JSON Produtos: C:\Users\Junior\Documents\_Cliente_e_Consultorias\atacadao\output\jsonprodutos\produtos_txitens_20250812_151106.json
2025-08-12 15:11:06.244 INFO  c.m.f.service.FileProcessingService -   Chamando o adm para atualizar BD com 68 registros
2025-08-12 15:11:06.244 INFO  c.m.f.service.FileProcessingService -   - Registros: 68
2025-08-12 15:11:06.244 INFO  c.m.f.service.FileProcessingService -   Chamando o adm para atualizar BD com 68 registros
2025-08-12 18:26:51.452 INFO  o.s.b.w.e.tomcat.GracefulShutdown - Commencing graceful shutdown. Waiting for active requests to complete
2025-08-12 18:26:51.620 INFO  o.s.b.w.e.tomcat.GracefulShutdown - Graceful shutdown complete
2025-08-12 18:26:53.876 INFO  o.s.o.j.LocalContainerEntityManagerFactoryBean - Closing JPA EntityManagerFactory for persistence unit 'default'
2025-08-12 18:26:53.909 INFO  com.zaxxer.hikari.HikariDataSource - HikariPool-1 - Shutdown initiated...
2025-08-12 18:26:53.918 INFO  com.zaxxer.hikari.HikariDataSource - HikariPool-1 - Shutdown completed.
